0 verbose cli C:\Program Files\nodejs\node.exe C:\Users\thend\AppData\Roaming\npm\node_modules\npm\bin\npm-cli.js
1 info using npm@11.2.0
2 info using node@v22.14.0
3 silly config load:file:C:\Users\thend\AppData\Roaming\npm\node_modules\npm\npmrc
4 silly config load:file:c:\Users\thend\prodev-mobile-app\prodev-mobile-app-0x06\.npmrc
5 silly config load:file:C:\Users\thend\.npmrc
6 silly config load:file:C:\Users\thend\AppData\Roaming\npm\etc\npmrc
7 verbose title npm view @types/json-schema description dist-tags.latest homepage version time
8 verbose argv "view" "--json" "--" "@types/json-schema" "description" "dist-tags.latest" "homepage" "version" "time"
9 verbose logfile logs-max:10 dir:C:\Users\thend\prodev-mobile-app\prodev-mobile-app-0x06\UsersthendAppDataLocalnpm-cache\_logs\2025-05-14T13_03_04_111Z-
10 verbose logfile C:\Users\thend\prodev-mobile-app\prodev-mobile-app-0x06\UsersthendAppDataLocalnpm-cache\_logs\2025-05-14T13_03_04_111Z-debug-0.log
11 silly logfile start cleaning logs, removing 2 files
12 silly logfile done cleaning log files
13 http fetch GET 200 https://registry.npmjs.org/@types%2fjson-schema 435ms (cache miss)
14 verbose cwd c:\Users\thend\prodev-mobile-app\prodev-mobile-app-0x06
15 verbose os Windows_NT 10.0.19045
16 verbose node v22.14.0
17 verbose npm  v11.2.0
18 verbose exit 0
19 info ok
